分类: 📺央视频道, 名称: CCTV-1, 有效: 7, IPv4: 71, IPv6: 0, 最小延迟: 315 ms, 最高速率: 6.14 M/s, 平均速率: 3.63 M/s, 最高分辨率: 1920x1080, 平均帧率: 25.00, 视频编解码器: h264, 音频编解码器: mp2
分类: 📺央视频道, 名称: CCTV-2, 有效: 6, IPv4: 58, IPv6: 0, 最小延迟: 136 ms, 最高速率: 8.43 M/s, 平均速率: 5.15 M/s, 最高分辨率: 1920x1080, 平均帧率: 25.00, 视频编解码器: h264, 音频编解码器: mp2
分类: 📺央视频道, 名称: CCTV-3, 有效: 6, IPv4: 52, IPv6: 0, 最小延迟: 412 ms, 最高速率: 6.45 M/s, 平均速率: 1.78 M/s, 最高分辨率: 1920x1080, 平均帧率: 25.00, 视频编解码器: h264, 音频编解码器: mp2
分类: 📺央视频道, 名称: CCTV-4, 有效: 6, IPv4: 51, IPv6: 0, 最小延迟: 135 ms, 最高速率: 8.09 M/s, 平均速率: 4.11 M/s, 最高分辨率: 1920x1080, 平均帧率: 25.00, 视频编解码器: h264, 音频编解码器: mp2
分类: 📺央视频道, 名称: CCTV-5, 有效: 5, IPv4: 50, IPv6: 0, 最小延迟: 411 ms, 最高速率: 9.67 M/s, 平均速率: 2.79 M/s, 最高分辨率: 1920x1080, 平均帧率: 25.00, 视频编解码器: h264, 音频编解码器: mp2
分类: 📺央视频道, 名称: CCTV-6, 有效: 7, IPv4: 50, IPv6: 0, 最小延迟: 78 ms, 最高速率: 11.11 M/s, 平均速率: 5.12 M/s, 最高分辨率: 1920x1080, 平均帧率: 25.00, 视频编解码器: h264, 音频编解码器: mp2
分类: 📺央视频道, 名称: CCTV-7, 有效: 5, IPv4: 51, IPv6: 0, 最小延迟: 85 ms, 最高速率: 9.00 M/s, 平均速率: 4.83 M/s, 最高分辨率: 1920x1080, 平均帧率: 25.00, 视频编解码器: h264, 音频编解码器: mp2
分类: 📺央视频道, 名称: CCTV-8, 有效: 5, IPv4: 49, IPv6: 0, 最小延迟: 78 ms, 最高速率: 8.77 M/s, 平均速率: 5.49 M/s, 最高分辨率: 1920x1080, 平均帧率: 25.00, 视频编解码器: h264, 音频编解码器: mp2
分类: 📺央视频道, 名称: CCTV-9, 有效: 5, IPv4: 50, IPv6: 0, 最小延迟: 375 ms, 最高速率: 8.61 M/s, 平均速率: 4.12 M/s, 最高分辨率: 1920x1080, 平均帧率: 25.00, 视频编解码器: h264, 音频编解码器: mp2
分类: 📺央视频道, 名称: CCTV-10, 有效: 5, IPv4: 52, IPv6: 0, 最小延迟: 396 ms, 最高速率: 8.21 M/s, 平均速率: 2.49 M/s, 最高分辨率: 1920x1080, 平均帧率: 25.00, 视频编解码器: h264, 音频编解码器: mp2
分类: 📺央视频道, 名称: CCTV-11, 有效: 6, IPv4: 46, IPv6: 0, 最小延迟: 81 ms, 最高速率: 8.77 M/s, 平均速率: 3.49 M/s, 最高分辨率: 1920x1080, 平均帧率: 25.00, 视频编解码器: h264, 音频编解码器: mp2
分类: 📺央视频道, 名称: CCTV-12, 有效: 6, IPv4: 53, IPv6: 0, 最小延迟: 171 ms, 最高速率: 9.25 M/s, 平均速率: 3.54 M/s, 最高分辨率: 1920x1080, 平均帧率: 25.00, 视频编解码器: h264, 音频编解码器: mp2
分类: 📺央视频道, 名称: CCTV-13, 有效: 5, IPv4: 48, IPv6: 0, 最小延迟: 250 ms, 最高速率: 8.77 M/s, 平均速率: 3.86 M/s, 最高分辨率: 1920x1080, 平均帧率: 25.00, 视频编解码器: h264, 音频编解码器: mp2
分类: 📺央视频道, 名称: CCTV-14, 有效: 5, IPv4: 52, IPv6: 0, 最小延迟: 412 ms, 最高速率: 7.59 M/s, 平均速率: 2.29 M/s, 最高分辨率: 1920x1080, 平均帧率: 25.00, 视频编解码器: h264, 音频编解码器: mp2
分类: 📺央视频道, 名称: CCTV-16, 有效: 5, IPv4: 38, IPv6: 0, 最小延迟: 212 ms, 最高速率: 7.73 M/s, 平均速率: 5.79 M/s, 最高分辨率: 1920x1080, 平均帧率: 25.00, 视频编解码器: h264, 音频编解码器: mp2
分类: 📺央视频道, 名称: CCTV-15, 有效: 6, IPv4: 46, IPv6: 0, 最小延迟: 80 ms, 最高速率: 8.77 M/s, 平均速率: 3.58 M/s, 最高分辨率: 1920x1080, 平均帧率: 25.00, 视频编解码器: h264, 音频编解码器: mp2
分类: 📺央视频道, 名称: CCTV-17, 有效: 7, IPv4: 50, IPv6: 0, 最小延迟: 78 ms, 最高速率: 11.25 M/s, 平均速率: 4.05 M/s, 最高分辨率: 1920x1080, 平均帧率: 25.00, 视频编解码器: h264, 音频编解码器: aac
分类: 📡卫视频道, 名称: 安徽卫视, 有效: 5, IPv4: 44, IPv6: 0, 最小延迟: 78 ms, 最高速率: 8.99 M/s, 平均速率: 4.05 M/s, 最高分辨率: 1920x1080, 平均帧率: 25.00, 视频编解码器: h264, 音频编解码器: mp2
分类: 📡卫视频道, 名称: 北京卫视, 有效: 5, IPv4: 51, IPv6: 0, 最小延迟: 83 ms, 最高速率: 9.42 M/s, 平均速率: 4.30 M/s, 最高分辨率: 1920x1080, 平均帧率: 25.00, 视频编解码器: h264, 音频编解码器: aac
分类: 📡卫视频道, 名称: 东方卫视, 有效: 6, IPv4: 50, IPv6: 0, 最小延迟: 81 ms, 最高速率: 8.98 M/s, 平均速率: 4.94 M/s, 最高分辨率: 1920x1080, 平均帧率: 25.00, 视频编解码器: h264, 音频编解码器: mp2
分类: 📡卫视频道, 名称: 东南卫视, 有效: 3, IPv4: 39, IPv6: 0, 最小延迟: 201 ms, 最高速率: 0.94 M/s, 平均速率: 0.82 M/s, 最高分辨率: 1920x1080, 平均帧率: 25.00, 视频编解码器: h264, 音频编解码器: mp2
分类: 📡卫视频道, 名称: 甘肃卫视, 有效: 1, IPv4: 32, IPv6: 0, 最小延迟: 421 ms, 最高速率: 6.86 M/s, 平均速率: 6.86 M/s, 最高分辨率: 1920x1080, 平均帧率: 25.00, 视频编解码器: h264, 音频编解码器: mp2
分类: 📡卫视频道, 名称: 广东卫视, 有效: 6, IPv4: 56, IPv6: 0, 最小延迟: 416 ms, 最高速率: 7.09 M/s, 平均速率: 3.64 M/s, 最高分辨率: 1920x1080, 平均帧率: 25.00, 视频编解码器: h264, 音频编解码器: mp2
分类: 📡卫视频道, 名称: 广西卫视, 有效: 5, IPv4: 39, IPv6: 0, 最小延迟: 137 ms, 最高速率: 7.08 M/s, 平均速率: 4.50 M/s, 最高分辨率: 1920x1080, 平均帧率: 25.00, 视频编解码器: h264, 音频编解码器: mp2
分类: 📡卫视频道, 名称: 贵州卫视, 有效: 5, IPv4: 45, IPv6: 0, 最小延迟: 141 ms, 最高速率: 6.84 M/s, 平均速率: 6.78 M/s, 最高分辨率: 1920x1080, 平均帧率: 25.00, 视频编解码器: h264, 音频编解码器: aac
分类: 📡卫视频道, 名称: 海南卫视, 有效: 3, IPv4: 39, IPv6: 0, 最小延迟: 79 ms, 最高速率: 8.77 M/s, 平均速率: 3.38 M/s, 最高分辨率: 1920x1080, 平均帧率: 25.00, 视频编解码器: h264, 音频编解码器: mp2
分类: 📡卫视频道, 名称: 河北卫视, 有效: 6, IPv4: 43, IPv6: 0, 最小延迟: 351 ms, 最高速率: 9.45 M/s, 平均速率: 2.16 M/s, 最高分辨率: 1920x1080, 平均帧率: 25.00, 视频编解码器: h264, 音频编解码器: mp2
分类: 📡卫视频道, 名称: 河南卫视, 有效: 5, IPv4: 45, IPv6: 0, 最小延迟: 79 ms, 最高速率: 8.77 M/s, 平均速率: 4.31 M/s, 最高分辨率: 1920x1080, 平均帧率: 25.00, 视频编解码器: h264, 音频编解码器: mp2
分类: 📡卫视频道, 名称: 湖北卫视, 有效: 5, IPv4: 50, IPv6: 0, 最小延迟: 78 ms, 最高速率: 8.77 M/s, 平均速率: 3.82 M/s, 最高分辨率: 1920x1080, 平均帧率: 25.00, 视频编解码器: h264, 音频编解码器: mp2
分类: 📡卫视频道, 名称: 湖南卫视, 有效: 6, IPv4: 51, IPv6: 0, 最小延迟: 79 ms, 最高速率: 9.19 M/s, 平均速率: 5.80 M/s, 最高分辨率: 1920x1080, 平均帧率: 25.00, 视频编解码器: h264, 音频编解码器: mp2
分类: 📡卫视频道, 名称: 吉林卫视, 有效: 3, IPv4: 41, IPv6: 0, 最小延迟: 78 ms, 最高速率: 8.77 M/s, 平均速率: 5.93 M/s, 最高分辨率: 1920x1080, 平均帧率: 25.00, 视频编解码器: h264, 音频编解码器: mp2
分类: 📡卫视频道, 名称: 江苏卫视, 有效: 5, IPv4: 49, IPv6: 0, 最小延迟: 410 ms, 最高速率: 8.51 M/s, 平均速率: 3.56 M/s, 最高分辨率: 1920x1080, 平均帧率: 25.00, 视频编解码器: h264, 音频编解码器: mp2
分类: 📡卫视频道, 名称: 江西卫视, 有效: 5, IPv4: 48, IPv6: 0, 最小延迟: 79 ms, 最高速率: 9.09 M/s, 平均速率: 3.99 M/s, 最高分辨率: 1920x1080, 平均帧率: 25.00, 视频编解码器: h264, 音频编解码器: mp2
分类: 📡卫视频道, 名称: 辽宁卫视, 有效: 6, IPv4: 49, IPv6: 0, 最小延迟: 148 ms, 最高速率: 6.50 M/s, 平均速率: 3.80 M/s, 最高分辨率: 1920x1080, 平均帧率: 未知, 视频编解码器: 未知, 音频编解码器: 未知
分类: 📡卫视频道, 名称: 宁夏卫视, 有效: 3, IPv4: 27, IPv6: 0, 最小延迟: 367 ms, 最高速率: 9.90 M/s, 平均速率: 8.57 M/s, 最高分辨率: 1920x1080, 平均帧率: 28.57, 视频编解码器: h264, 音频编解码器: mp2
分类: 📡卫视频道, 名称: 青海卫视, 有效: 4, IPv4: 36, IPv6: 0, 最小延迟: 83 ms, 最高速率: 9.19 M/s, 平均速率: 6.69 M/s, 最高分辨率: 1920x1080, 平均帧率: 25.00, 视频编解码器: h264, 音频编解码器: mp2
分类: 📡卫视频道, 名称: 山东卫视, 有效: 5, IPv4: 50, IPv6: 0, 最小延迟: 144 ms, 最高速率: 6.50 M/s, 平均速率: 5.81 M/s, 最高分辨率: 1920x1080, 平均帧率: 25.00, 视频编解码器: h264, 音频编解码器: mp3
分类: 📡卫视频道, 名称: 山西卫视, 有效: 4, IPv4: 29, IPv6: 0, 最小延迟: 80 ms, 最高速率: 8.77 M/s, 平均速率: 7.04 M/s, 最高分辨率: 1920x1080, 平均帧率: 25.00, 视频编解码器: h264, 音频编解码器: mp2
分类: 📡卫视频道, 名称: 陕西卫视, 有效: 4, IPv4: 26, IPv6: 0, 最小延迟: 79 ms, 最高速率: 8.77 M/s, 平均速率: 6.64 M/s, 最高分辨率: 1920x1080, 平均帧率: 25.00, 视频编解码器: h264, 音频编解码器: mp2
分类: 📡卫视频道, 名称: 深圳卫视, 有效: 5, IPv4: 51, IPv6: 0, 最小延迟: 151 ms, 最高速率: 12.24 M/s, 平均速率: 5.88 M/s, 最高分辨率: 1920x1080, 平均帧率: 25.00, 视频编解码器: h264, 音频编解码器: mp2
分类: 📡卫视频道, 名称: 四川卫视, 有效: 5, IPv4: 48, IPv6: 0, 最小延迟: 77 ms, 最高速率: 8.77 M/s, 平均速率: 4.93 M/s, 最高分辨率: 1920x1080, 平均帧率: 25.00, 视频编解码器: h264, 音频编解码器: aac
分类: 📡卫视频道, 名称: 天津卫视, 有效: 7, IPv4: 51, IPv6: 0, 最小延迟: 148 ms, 最高速率: 6.61 M/s, 平均速率: 4.00 M/s, 最高分辨率: 1920x1080, 平均帧率: 25.00, 视频编解码器: h264, 音频编解码器: mp2
分类: 📡卫视频道, 名称: 西藏卫视, 有效: 2, IPv4: 25, IPv6: 0, 最小延迟: 78 ms, 最高速率: 8.77 M/s, 平均速率: 8.30 M/s, 最高分辨率: 1920x1080, 平均帧率: 25.00, 视频编解码器: h264, 音频编解码器: mp2
分类: 📡卫视频道, 名称: 云南卫视, 有效: 5, IPv4: 37, IPv6: 0, 最小延迟: 147 ms, 最高速率: 8.98 M/s, 平均速率: 7.01 M/s, 最高分辨率: 1920x1080, 平均帧率: 未知, 视频编解码器: 未知, 音频编解码器: 未知
分类: 📡卫视频道, 名称: 新疆卫视, 有效: 2, IPv4: 25, IPv6: 0, 最小延迟: 77 ms, 最高速率: 8.77 M/s, 平均速率: 7.68 M/s, 最高分辨率: 1920x1080, 平均帧率: 25.00, 视频编解码器: h264, 音频编解码器: mp2
分类: 📡卫视频道, 名称: 浙江卫视, 有效: 6, IPv4: 51, IPv6: 0, 最小延迟: 79 ms, 最高速率: 8.77 M/s, 平均速率: 4.74 M/s, 最高分辨率: 1920x1080, 平均帧率: 25.00, 视频编解码器: h264, 音频编解码器: mp2
分类: 📡卫视频道, 名称: 重庆卫视, 有效: 6, IPv4: 45, IPv6: 0, 最小延迟: 78 ms, 最高速率: 8.77 M/s, 平均速率: 2.41 M/s, 最高分辨率: 1920x1080, 平均帧率: 29.17, 视频编解码器: h264, 音频编解码器: mp2
分类: 📡卫视频道, 名称: 内蒙古卫视, 有效: 1, IPv4: 25, IPv6: 0, 最小延迟: 79 ms, 最高速率: 8.77 M/s, 平均速率: 8.77 M/s, 最高分辨率: 1920x1080, 平均帧率: 27.50, 视频编解码器: h264, 音频编解码器: mp2
分类: 📡卫视频道, 名称: 黑龙江卫视, 有效: 6, IPv4: 47, IPv6: 0, 最小延迟: 81 ms, 最高速率: 8.77 M/s, 平均速率: 2.40 M/s, 最高分辨率: 1920x1080, 平均帧率: 25.00, 视频编解码器: h264, 音频编解码器: ac3
